<?xml version="1.0" encoding="UTF-8"?>
<!-- Generated by org.testng.reporters.JUnitReportReporter -->
<testsuite hostname="TYSS-Chandana" failures="0" tests="1" name="GenericLibrary.asdfghjkl" time="11.183" errors="0" timestamp="2022-08-29T12:36:45 IST" skipped="0">
  <testcase classname="GenericLibrary.asdfghjkl" name="bnjmk" time="11.183"/>
  <system-out/>
</testsuite> <!-- GenericLibrary.asdfghjkl -->
