<?xml version="1.0" encoding="UTF-8"?>
<!-- Generated by org.testng.reporters.JUnitReportReporter -->
<testsuite hostname="TYSS-Pradeep" failures="0" tests="1" name="ExistingUserJourney.SamedayTC" time="60.928" errors="0" timestamp="2022-09-02T15:40:44 IST" skipped="0">
  <testcase classname="ExistingUserJourney.SamedayTC" name="TC_01Test" time="60.928"/>
  <system-out/>
</testsuite> <!-- ExistingUserJourney.SamedayTC -->
